app/build/intermediates/manifest_merge_blame_file/debug/manifest-merger-blame-debug-report.txt
1<?xml version="1.0" encoding="utf-8"?>
2<manifest xmlns:android="http://schemas.android.com/apk/res/android"
3    package="com.example.myfirstapplication"
4    android:versionCode="1"
5    android:versionName="1.0" >
6
7    <uses-sdk
8        android:minSdkVersion="26"
8-->src/main/AndroidManifest.xml
9        android:targetSdkVersion="29" />
9-->src/main/AndroidManifest.xml
10
11    <!--
12         The ACCESS_COARSE/FINE_LOCATION permissions are not required to use
13         Google Maps Android API v2, but you must specify either coarse or fine
14         location permissions for the "MyLocation" functionality.
15    -->
16    <uses-permission android:name="android.permission.ACCESS_FINE_LOCATION" />
16-->src/main/AndroidManifest.xml:11:5-79
16-->src/main/AndroidManifest.xml:11:22-76
17
18    <!--
19         The ACCESS_COARSE/FINE_LOCATION permissions are not required to use
20         Google Maps Android API v2, but you must specify either coarse or fine
21         location permissions for the 'MyLocation' functionality.
22    -->
23    <uses-permission android:name="android.permission.ACCESS_COARSE_LOCATION" />
23-->src/main/AndroidManifest.xml:18:5-81
23-->src/main/AndroidManifest.xml:18:22-78
24    <uses-permission android:name="android.permission.INTERNET" />
24-->src/main/AndroidManifest.xml:19:5-67
24-->src/main/AndroidManifest.xml:19:22-64
25    <uses-permission android:name="android.permission.ACCESS_WIFI_STATE" /> <!-- Although the *SdkVersion is captured in gradle build files, this is required for non gradle builds -->
25-->[com.google.android.libraries.places:places:2.3.0] AndroidManifest.xml:10:5-76
25-->[com.google.android.libraries.places:places:2.3.0] AndroidManifest.xml:10:22-73
26    <!-- <uses-sdk android:minSdkVersion="14"/> -->
27    <uses-permission android:name="android.permission.ACCESS_NETWORK_STATE" />
27-->[com.google.firebase:firebase-database:19.2.1] AndroidManifest.xml:25:5-79
27-->[com.google.firebase:firebase-database:19.2.1] AndroidManifest.xml:25:22-76
28
29    <uses-feature
29-->[com.google.android.gms:play-services-maps:17.0.0] AndroidManifest.xml:26:5-28:35
30        android:glEsVersion="0x00020000"
30-->[com.google.android.gms:play-services-maps:17.0.0] AndroidManifest.xml:27:9-41
31        android:required="true" />
31-->[com.google.android.gms:play-services-maps:17.0.0] AndroidManifest.xml:28:9-32
32
33    <uses-permission android:name="android.permission.WAKE_LOCK" /> <!-- Required by older versions of Google Play services to create IID tokens -->
33-->[com.google.android.gms:play-services-measurement-api:17.2.3] AndroidManifest.xml:24:5-68
33-->[com.google.android.gms:play-services-measurement-api:17.2.3] AndroidManifest.xml:24:22-65
34    <uses-permission android:name="com.google.android.c2dm.permission.RECEIVE" />
34-->[com.google.firebase:firebase-iid:20.0.2] AndroidManifest.xml:26:5-82
34-->[com.google.firebase:firebase-iid:20.0.2] AndroidManifest.xml:26:22-79
35    <uses-permission android:name="com.google.android.finsky.permission.BIND_GET_INSTALL_REFERRER_SERVICE" />
35-->[com.google.android.gms:play-services-measurement:17.2.3] AndroidManifest.xml:26:5-110
35-->[com.google.android.gms:play-services-measurement:17.2.3] AndroidManifest.xml:26:22-107
36
37    <application
37-->src/main/AndroidManifest.xml:21:5-103:19
38        android:allowBackup="true"
38-->src/main/AndroidManifest.xml:22:9-35
39        android:appComponentFactory="androidx.core.app.CoreComponentFactory"
39-->[androidx.core:core:1.1.0] AndroidManifest.xml:24:18-86
40        android:debuggable="true"
41        android:extractNativeLibs="false"
42        android:icon="@drawable/logo"
42-->src/main/AndroidManifest.xml:23:9-38
43        android:label="@string/app_name"
43-->src/main/AndroidManifest.xml:24:9-41
44        android:roundIcon="@drawable/logo"
44-->src/main/AndroidManifest.xml:25:9-43
45        android:supportsRtl="true"
45-->src/main/AndroidManifest.xml:26:9-35
46        android:testOnly="true"
47        android:theme="@style/AppTheme" >
47-->src/main/AndroidManifest.xml:27:9-40
48
49        <!--
50             The API key for Google Maps-based APIs is defined as a string resource.
51             (See the file "res/values/google_maps_api.xml").
52             Note that the API key is linked to the encryption key used to sign the APK.
53             You need a different API key for each encryption key, including the release key that is used to
54             sign the APK for publishing.
55             You can define the keys for the debug and release targets in src/debug/ and src/release/.
56        -->
57        <meta-data
57-->src/main/AndroidManifest.xml:38:9-40:55
58            android:name="com.google.android.geo.API_KEY"
58-->src/main/AndroidManifest.xml:39:13-58
59            android:value="@string/google_maps_key" />
59-->src/main/AndroidManifest.xml:40:13-52
60
61        <activity
61-->src/main/AndroidManifest.xml:42:9-44:73
62            android:name="com.example.myfirstapplication.riderMap"
62-->src/main/AndroidManifest.xml:43:13-37
63            android:label="@string/title_activity_rider_map" />
63-->src/main/AndroidManifest.xml:44:13-61
64        <activity android:name="com.example.myfirstapplication.RoutingPage" >
64-->src/main/AndroidManifest.xml:45:9-51:20
64-->src/main/AndroidManifest.xml:45:19-46
65            <intent-filter>
65-->src/main/AndroidManifest.xml:46:13-50:29
66                <action android:name="android.intent.action.MAIN" />
66-->src/main/AndroidManifest.xml:47:17-69
66-->src/main/AndroidManifest.xml:47:25-66
67
68                <category android:name="android.intent.category.LAUNCHER" />
68-->src/main/AndroidManifest.xml:49:17-77
68-->src/main/AndroidManifest.xml:49:27-74
69            </intent-filter>
70        </activity>
71        <activity
71-->src/main/AndroidManifest.xml:52:9-56:59
72            android:name="com.example.myfirstapplication.tabbedActivity"
72-->src/main/AndroidManifest.xml:53:13-43
73            android:label="@string/title_activity_tabbed"
73-->src/main/AndroidManifest.xml:54:13-58
74            android:noHistory="true"
74-->src/main/AndroidManifest.xml:55:13-37
75            android:theme="@style/AppTheme.NoActionBar" />
75-->src/main/AndroidManifest.xml:56:13-56
76        <activity android:name="com.example.myfirstapplication.addDrive" />
76-->src/main/AndroidManifest.xml:57:9-46
76-->src/main/AndroidManifest.xml:57:19-43
77        <activity android:name="com.example.myfirstapplication.driveConfirmedWaiting" />
77-->src/main/AndroidManifest.xml:58:9-59
77-->src/main/AndroidManifest.xml:58:19-56
78        <activity android:name="com.example.myfirstapplication.rideAcceptedWaiting" />
78-->src/main/AndroidManifest.xml:59:9-57
78-->src/main/AndroidManifest.xml:59:19-54
79        <activity
79-->src/main/AndroidManifest.xml:60:9-62:60
80            android:name="com.example.myfirstapplication.driveTripLobby"
80-->src/main/AndroidManifest.xml:61:13-43
81            android:parentActivityName="com.example.myfirstapplication.tabbedActivity" />
81-->src/main/AndroidManifest.xml:62:13-57
82        <activity android:name="com.example.myfirstapplication.profileSetup" />
82-->src/main/AndroidManifest.xml:63:9-50
82-->src/main/AndroidManifest.xml:63:19-47
83        <activity
83-->src/main/AndroidManifest.xml:64:9-67:56
84            android:name="com.example.myfirstapplication.SignUp"
84-->src/main/AndroidManifest.xml:65:13-35
85            android:screenOrientation="portrait" />
85-->src/main/AndroidManifest.xml:66:13-49
86        <activity
86-->src/main/AndroidManifest.xml:68:9-71:65
87            android:name="com.example.myfirstapplication.LoginPage"
87-->src/main/AndroidManifest.xml:69:13-38
88            android:screenOrientation="portrait" />
88-->src/main/AndroidManifest.xml:70:13-49
89        <activity
89-->src/main/AndroidManifest.xml:72:9-76:56
90            android:name="com.example.myfirstapplication.rideTripLobby"
90-->src/main/AndroidManifest.xml:73:13-42
91            android:parentActivityName="com.example.myfirstapplication.tabbedActivity"
91-->src/main/AndroidManifest.xml:74:13-57
92            android:screenOrientation="portrait" />
92-->src/main/AndroidManifest.xml:75:13-49
93        <activity
93-->src/main/AndroidManifest.xml:77:9-80:56
94            android:name="com.example.myfirstapplication.addRide"
94-->src/main/AndroidManifest.xml:78:13-36
95            android:screenOrientation="portrait" />
95-->src/main/AndroidManifest.xml:79:13-49
96        <activity
96-->src/main/AndroidManifest.xml:81:9-86:65
97            android:name="com.example.myfirstapplication.EditProfile"
97-->src/main/AndroidManifest.xml:82:13-40
98            android:label="@string/title_activity_edit_profile"
98-->src/main/AndroidManifest.xml:83:13-64
99            android:parentActivityName="com.example.myfirstapplication.Profile"
99-->src/main/AndroidManifest.xml:84:13-50
100            android:screenOrientation="portrait" />
100-->src/main/AndroidManifest.xml:85:13-49
101
102        <meta-data
102-->src/main/AndroidManifest.xml:88:9-90:57
103            android:name="preloaded_fonts"
103-->src/main/AndroidManifest.xml:89:13-43
104            android:resource="@array/preloaded_fonts" />
104-->src/main/AndroidManifest.xml:90:13-54
105
106        <activity
106-->src/main/AndroidManifest.xml:92:9-96:56
107            android:name="com.example.myfirstapplication.DriverMap"
107-->src/main/AndroidManifest.xml:93:13-38
108            android:label="@string/title_activity_driver_map"
108-->src/main/AndroidManifest.xml:94:13-62
109            android:screenOrientation="portrait" />
109-->src/main/AndroidManifest.xml:95:13-49
110        <activity
110-->src/main/AndroidManifest.xml:97:9-102:65
111            android:name="com.example.myfirstapplication.Profile"
111-->src/main/AndroidManifest.xml:98:13-36
112            android:label="@string/title_activity_profile"
112-->src/main/AndroidManifest.xml:99:13-59
113            android:parentActivityName="com.example.myfirstapplication.tabbedActivity"
113-->src/main/AndroidManifest.xml:100:13-57
114            android:screenOrientation="portrait" />
114-->src/main/AndroidManifest.xml:101:13-49
115        <activity
115-->[com.google.android.libraries.places:places:2.3.0] AndroidManifest.xml:14:9-20:20
116            android:name="com.google.android.libraries.places.widget.AutocompleteActivity"
116-->[com.google.android.libraries.places:places:2.3.0] AndroidManifest.xml:15:13-91
117            android:exported="false"
117-->[com.google.android.libraries.places:places:2.3.0] AndroidManifest.xml:16:13-37
118            android:label="@string/places_autocomplete_label"
118-->[com.google.android.libraries.places:places:2.3.0] AndroidManifest.xml:17:13-62
119            android:theme="@style/PlacesAutocompleteOverlay"
119-->[com.google.android.libraries.places:places:2.3.0] AndroidManifest.xml:18:13-61
120            android:windowSoftInputMode="adjustResize" >
120-->[com.google.android.libraries.places:places:2.3.0] AndroidManifest.xml:19:13-55
121        </activity>
122
123        <service
123-->[com.google.firebase:firebase-database:19.2.1] AndroidManifest.xml:29:9-35:19
124            android:name="com.google.firebase.components.ComponentDiscoveryService"
124-->[com.google.firebase:firebase-database:19.2.1] AndroidManifest.xml:30:13-84
125            android:directBootAware="true"
125-->[com.google.firebase:firebase-common:19.3.0] AndroidManifest.xml:34:13-43
126            android:exported="false" >
126-->[com.google.firebase:firebase-database:19.2.1] AndroidManifest.xml:31:13-37
127            <meta-data
127-->[com.google.firebase:firebase-database:19.2.1] AndroidManifest.xml:32:13-34:85
128                android:name="com.google.firebase.components:com.google.firebase.database.DatabaseRegistrar"
128-->[com.google.firebase:firebase-database:19.2.1] AndroidManifest.xml:33:17-109
129                android:value="com.google.firebase.components.ComponentRegistrar" />
129-->[com.google.firebase:firebase-database:19.2.1] AndroidManifest.xml:34:17-82
130            <meta-data
130-->[com.google.firebase:firebase-firestore:21.4.1] AndroidManifest.xml:20:13-22:85
131                android:name="com.google.firebase.components:com.google.firebase.firestore.FirestoreRegistrar"
131-->[com.google.firebase:firebase-firestore:21.4.1] AndroidManifest.xml:21:17-111
132                android:value="com.google.firebase.components.ComponentRegistrar" />
132-->[com.google.firebase:firebase-firestore:21.4.1] AndroidManifest.xml:22:17-82
133            <meta-data
133-->[com.google.firebase:firebase-auth:19.2.0] AndroidManifest.xml:36:13-38:85
134                android:name="com.google.firebase.components:com.google.firebase.auth.FirebaseAuthRegistrar"
134-->[com.google.firebase:firebase-auth:19.2.0] AndroidManifest.xml:37:17-109
135                android:value="com.google.firebase.components.ComponentRegistrar" />
135-->[com.google.firebase:firebase-auth:19.2.0] AndroidManifest.xml:38:17-82
136            <meta-data
136-->[com.google.android.gms:play-services-measurement-api:17.2.3] AndroidManifest.xml:30:13-32:85
137                android:name="com.google.firebase.components:com.google.firebase.analytics.connector.internal.AnalyticsConnectorRegistrar"
137-->[com.google.android.gms:play-services-measurement-api:17.2.3] AndroidManifest.xml:31:17-139
138                android:value="com.google.firebase.components.ComponentRegistrar" />
138-->[com.google.android.gms:play-services-measurement-api:17.2.3] AndroidManifest.xml:32:17-82
139            <meta-data
139-->[com.google.firebase:firebase-iid:20.0.2] AndroidManifest.xml:32:13-34:85
140                android:name="com.google.firebase.components:com.google.firebase.iid.Registrar"
140-->[com.google.firebase:firebase-iid:20.0.2] AndroidManifest.xml:33:17-96
141                android:value="com.google.firebase.components.ComponentRegistrar" />
141-->[com.google.firebase:firebase-iid:20.0.2] AndroidManifest.xml:34:17-82
142        </service> <!-- Needs to be explicitly declared on P+ -->
143        <uses-library
143-->[com.google.android.gms:play-services-maps:17.0.0] AndroidManifest.xml:33:9-35:40
144            android:name="org.apache.http.legacy"
144-->[com.google.android.gms:play-services-maps:17.0.0] AndroidManifest.xml:34:13-50
145            android:required="false" />
145-->[com.google.android.gms:play-services-maps:17.0.0] AndroidManifest.xml:35:13-37
146
147        <activity
147-->[com.google.firebase:firebase-auth:19.2.0] AndroidManifest.xml:24:9-31:50
148            android:name="com.google.firebase.auth.internal.FederatedSignInActivity"
148-->[com.google.firebase:firebase-auth:19.2.0] AndroidManifest.xml:25:13-85
149            android:excludeFromRecents="true"
149-->[com.google.firebase:firebase-auth:19.2.0] AndroidManifest.xml:26:13-46
150            android:exported="true"
150-->[com.google.firebase:firebase-auth:19.2.0] AndroidManifest.xml:27:13-36
151            android:launchMode="singleTask"
151-->[com.google.firebase:firebase-auth:19.2.0] AndroidManifest.xml:28:13-44
152            android:permission="com.google.firebase.auth.api.gms.permission.LAUNCH_FEDERATED_SIGN_IN"
152-->[com.google.firebase:firebase-auth:19.2.0] AndroidManifest.xml:29:13-102
153            android:theme="@android:style/Theme.Translucent.NoTitleBar" />
153-->[com.google.firebase:firebase-auth:19.2.0] AndroidManifest.xml:30:13-72
154
155        <receiver
155-->[com.google.firebase:firebase-iid:20.0.2] AndroidManifest.xml:37:9-44:20
156            android:name="com.google.firebase.iid.FirebaseInstanceIdReceiver"
156-->[com.google.firebase:firebase-iid:20.0.2] AndroidManifest.xml:38:13-78
157            android:exported="true"
157-->[com.google.firebase:firebase-iid:20.0.2] AndroidManifest.xml:39:13-36
158            android:permission="com.google.android.c2dm.permission.SEND" >
158-->[com.google.firebase:firebase-iid:20.0.2] AndroidManifest.xml:40:13-73
159            <intent-filter>
159-->[com.google.firebase:firebase-iid:20.0.2] AndroidManifest.xml:41:13-43:29
160                <action android:name="com.google.android.c2dm.intent.RECEIVE" />
160-->[com.google.firebase:firebase-iid:20.0.2] AndroidManifest.xml:42:17-81
160-->[com.google.firebase:firebase-iid:20.0.2] AndroidManifest.xml:42:25-78
161            </intent-filter>
162        </receiver>
163
164        <provider
164-->[com.google.firebase:firebase-common:19.3.0] AndroidManifest.xml:26:9-30:39
165            android:name="com.google.firebase.provider.FirebaseInitProvider"
165-->[com.google.firebase:firebase-common:19.3.0] AndroidManifest.xml:27:13-77
166            android:authorities="com.example.myfirstapplication.firebaseinitprovider"
166-->[com.google.firebase:firebase-common:19.3.0] AndroidManifest.xml:28:13-72
167            android:exported="false"
167-->[com.google.firebase:firebase-common:19.3.0] AndroidManifest.xml:29:13-37
168            android:initOrder="100" />
168-->[com.google.firebase:firebase-common:19.3.0] AndroidManifest.xml:30:13-36
169
170        <activity
170-->[com.google.android.gms:play-services-base:17.1.0] AndroidManifest.xml:23:9-26:75
171            android:name="com.google.android.gms.common.api.GoogleApiActivity"
171-->[com.google.android.gms:play-services-base:17.1.0] AndroidManifest.xml:24:13-79
172            android:exported="false"
172-->[com.google.android.gms:play-services-base:17.1.0] AndroidManifest.xml:25:13-37
173            android:theme="@android:style/Theme.Translucent.NoTitleBar" />
173-->[com.google.android.gms:play-services-base:17.1.0] AndroidManifest.xml:26:13-72
174
175        <receiver
175-->[com.google.android.gms:play-services-measurement:17.2.3] AndroidManifest.xml:29:9-33:20
176            android:name="com.google.android.gms.measurement.AppMeasurementReceiver"
176-->[com.google.android.gms:play-services-measurement:17.2.3] AndroidManifest.xml:30:13-85
177            android:enabled="true"
177-->[com.google.android.gms:play-services-measurement:17.2.3] AndroidManifest.xml:31:13-35
178            android:exported="false" >
178-->[com.google.android.gms:play-services-measurement:17.2.3] AndroidManifest.xml:32:13-37
179        </receiver>
180        <receiver
180-->[com.google.android.gms:play-services-measurement:17.2.3] AndroidManifest.xml:34:9-42:20
181            android:name="com.google.android.gms.measurement.AppMeasurementInstallReferrerReceiver"
181-->[com.google.android.gms:play-services-measurement:17.2.3] AndroidManifest.xml:35:13-100
182            android:enabled="true"
182-->[com.google.android.gms:play-services-measurement:17.2.3] AndroidManifest.xml:36:13-35
183            android:exported="true"
183-->[com.google.android.gms:play-services-measurement:17.2.3] AndroidManifest.xml:37:13-36
184            android:permission="android.permission.INSTALL_PACKAGES" >
184-->[com.google.android.gms:play-services-measurement:17.2.3] AndroidManifest.xml:38:13-69
185            <intent-filter>
185-->[com.google.android.gms:play-services-measurement:17.2.3] AndroidManifest.xml:39:13-41:29
186                <action android:name="com.android.vending.INSTALL_REFERRER" />
186-->[com.google.android.gms:play-services-measurement:17.2.3] AndroidManifest.xml:40:17-79
186-->[com.google.android.gms:play-services-measurement:17.2.3] AndroidManifest.xml:40:25-76
187            </intent-filter>
188        </receiver>
189
190        <service
190-->[com.google.android.gms:play-services-measurement:17.2.3] AndroidManifest.xml:44:9-47:40
191            android:name="com.google.android.gms.measurement.AppMeasurementService"
191-->[com.google.android.gms:play-services-measurement:17.2.3] AndroidManifest.xml:45:13-84
192            android:enabled="true"
192-->[com.google.android.gms:play-services-measurement:17.2.3] AndroidManifest.xml:46:13-35
193            android:exported="false" />
193-->[com.google.android.gms:play-services-measurement:17.2.3] AndroidManifest.xml:47:13-37
194        <service
194-->[com.google.android.gms:play-services-measurement:17.2.3] AndroidManifest.xml:48:9-52:72
195            android:name="com.google.android.gms.measurement.AppMeasurementJobService"
195-->[com.google.android.gms:play-services-measurement:17.2.3] AndroidManifest.xml:49:13-87
196            android:enabled="true"
196-->[com.google.android.gms:play-services-measurement:17.2.3] AndroidManifest.xml:50:13-35
197            android:exported="false"
197-->[com.google.android.gms:play-services-measurement:17.2.3] AndroidManifest.xml:51:13-37
198            android:permission="android.permission.BIND_JOB_SERVICE" />
198-->[com.google.android.gms:play-services-measurement:17.2.3] AndroidManifest.xml:52:13-69
199
200        <meta-data
200-->[com.google.android.gms:play-services-basement:17.0.0] AndroidManifest.xml:23:9-25:69
201            android:name="com.google.android.gms.version"
201-->[com.google.android.gms:play-services-basement:17.0.0] AndroidManifest.xml:24:13-58
202            android:value="@integer/google_play_services_version" />
202-->[com.google.android.gms:play-services-basement:17.0.0] AndroidManifest.xml:25:13-66
203
204        <provider
204-->[androidx.lifecycle:lifecycle-process:2.2.0] AndroidManifest.xml:25:9-29:43
205            android:name="androidx.lifecycle.ProcessLifecycleOwnerInitializer"
205-->[androidx.lifecycle:lifecycle-process:2.2.0] AndroidManifest.xml:26:13-79
206            android:authorities="com.example.myfirstapplication.lifecycle-process"
206-->[androidx.lifecycle:lifecycle-process:2.2.0] AndroidManifest.xml:27:13-69
207            android:exported="false"
207-->[androidx.lifecycle:lifecycle-process:2.2.0] AndroidManifest.xml:28:13-37
208            android:multiprocess="true" />
208-->[androidx.lifecycle:lifecycle-process:2.2.0] AndroidManifest.xml:29:13-40
209
210        <service
210-->[com.google.android.datatransport:transport-backend-cct:2.1.0] AndroidManifest.xml:29:9-35:19
211            android:name="com.google.android.datatransport.runtime.backends.TransportBackendDiscovery"
211-->[com.google.android.datatransport:transport-backend-cct:2.1.0] AndroidManifest.xml:30:13-103
212            android:exported="false" >
212-->[com.google.android.datatransport:transport-backend-cct:2.1.0] AndroidManifest.xml:31:13-37
213            <meta-data
213-->[com.google.android.datatransport:transport-backend-cct:2.1.0] AndroidManifest.xml:32:13-34:39
214                android:name="backend:com.google.android.datatransport.cct.CctBackendFactory"
214-->[com.google.android.datatransport:transport-backend-cct:2.1.0] AndroidManifest.xml:33:17-94
215                android:value="cct" />
215-->[com.google.android.datatransport:transport-backend-cct:2.1.0] AndroidManifest.xml:34:17-36
216        </service>
217        <service
217-->[com.google.android.datatransport:transport-runtime:2.1.0] AndroidManifest.xml:26:9-30:19
218            android:name="com.google.android.datatransport.runtime.scheduling.jobscheduling.JobInfoSchedulerService"
218-->[com.google.android.datatransport:transport-runtime:2.1.0] AndroidManifest.xml:27:13-117
219            android:exported="false"
219-->[com.google.android.datatransport:transport-runtime:2.1.0] AndroidManifest.xml:28:13-37
220            android:permission="android.permission.BIND_JOB_SERVICE" >
220-->[com.google.android.datatransport:transport-runtime:2.1.0] AndroidManifest.xml:29:13-69
221        </service>
222
223        <receiver
223-->[com.google.android.datatransport:transport-runtime:2.1.0] AndroidManifest.xml:32:9-34:40
224            android:name="com.google.android.datatransport.runtime.scheduling.jobscheduling.AlarmManagerSchedulerBroadcastReceiver"
224-->[com.google.android.datatransport:transport-runtime:2.1.0] AndroidManifest.xml:33:13-132
225            android:exported="false" />
225-->[com.google.android.datatransport:transport-runtime:2.1.0] AndroidManifest.xml:34:13-37
226    </application>
227
228</manifest>